<?xml version="1.0" encoding="UTF-8" standalone="yes"?>
<ns2:test-suite start="1443981140197" stop="1443981140537" version="1.4.11" xmlns:ns2="urn:model.allure.qatools.yandex.ru">
    <name>ru.mytest.maven_test.CalculatorTest</name>
    <test-cases>
        <test-case start="1443981140233" stop="1443981140243" status="passed">
            <name>testSum[0]</name>
            <steps/>
            <attachments/>
            <labels>
                <label name="host" value="Dj-ПК"/>
                <label name="thread" value="6240@Dj-ПК.main(1)"/>
            </labels>
        </test-case>
        <test-case start="1443981140485" stop="1443981140504" status="failed">
            <name>testSum[1]</name>
            <failure>
                <message>AssertionError: Результат(8) не равен </message>
                <stack-trace>java.lang.AssertionError: Результат(8) не равен 
	at org.junit.Assert.fail(Assert.java:88)
	at org.junit.Assert.assertTrue(Assert.java:41)
	at ru.mytest.maven_test.CalculatorTest.testSum(CalculatorTest.java:61)
	at sun.reflect.NativeMethodAccessorImpl.invoke0(Native Method)
	at sun.reflect.NativeMethodAccessorImpl.invoke(NativeMethodAccessorImpl.java:57)
	at sun.reflect.DelegatingMethodAccessorImpl.invoke(DelegatingMethodAccessorImpl.java:43)
	at java.lang.reflect.Method.invoke(Method.java:606)
	at org.junit.runners.model.FrameworkMethod$1.runReflectiveCall(FrameworkMethod.java:47)
	at org.junit.internal.runners.model.ReflectiveCallable.run(ReflectiveCallable.java:12)
	at org.junit.runners.model.FrameworkMethod.invokeExplosively(FrameworkMethod.java:44)
	at org.junit.internal.runners.statements.InvokeMethod.evaluate(InvokeMethod.java:17)
	at org.junit.internal.runners.statements.RunBefores.evaluate(RunBefores.java:26)
	at org.junit.internal.runners.statements.RunAfters.evaluate(RunAfters.java:27)
	at org.junit.runners.ParentRunner.runLeaf(ParentRunner.java:271)
	at org.junit.runners.BlockJUnit4ClassRunner.runChild(BlockJUnit4ClassRunner.java:70)
	at org.junit.runners.BlockJUnit4ClassRunner.runChild(BlockJUnit4ClassRunner.java:50)
	at org.junit.runners.ParentRunner$3.run(ParentRunner.java:238)
	at org.junit.runners.ParentRunner$1.schedule(ParentRunner.java:63)
	at org.junit.runners.ParentRunner.runChildren(ParentRunner.java:236)
	at org.junit.runners.ParentRunner.access$000(ParentRunner.java:53)
	at org.junit.runners.ParentRunner$2.evaluate(ParentRunner.java:229)
	at org.junit.runners.ParentRunner.run(ParentRunner.java:309)
	at org.junit.runners.Suite.runChild(Suite.java:127)
	at org.junit.runners.Suite.runChild(Suite.java:26)
	at org.junit.runners.ParentRunner$3.run(ParentRunner.java:238)
	at org.junit.runners.ParentRunner$1.schedule(ParentRunner.java:63)
	at org.junit.runners.ParentRunner.runChildren(ParentRunner.java:236)
	at org.junit.runners.ParentRunner.access$000(ParentRunner.java:53)
	at org.junit.runners.ParentRunner$2.evaluate(ParentRunner.java:229)
	at org.junit.internal.runners.statements.RunBefores.evaluate(RunBefores.java:26)
	at org.junit.runners.ParentRunner.run(ParentRunner.java:309)
	at org.apache.maven.surefire.junit4.JUnit4Provider.execute(JUnit4Provider.java:283)
	at org.apache.maven.surefire.junit4.JUnit4Provider.executeWithRerun(JUnit4Provider.java:173)
	at org.apache.maven.surefire.junit4.JUnit4Provider.executeTestSet(JUnit4Provider.java:153)
	at org.apache.maven.surefire.junit4.JUnit4Provider.invoke(JUnit4Provider.java:128)
	at org.apache.maven.surefire.booter.ForkedBooter.invokeProviderInSameClassLoader(ForkedBooter.java:203)
	at org.apache.maven.surefire.booter.ForkedBooter.runSuitesInProcess(ForkedBooter.java:155)
	at org.apache.maven.surefire.booter.ForkedBooter.main(ForkedBooter.java:103)
</stack-trace>
            </failure>
            <steps/>
            <attachments/>
            <labels>
                <label name="host" value="Dj-ПК"/>
                <label name="thread" value="6240@Dj-ПК.main(1)"/>
            </labels>
        </test-case>
        <test-case start="1443981140505" stop="1443981140505" status="passed">
            <name>testSum[2]</name>
            <steps/>
            <attachments/>
            <labels>
                <label name="host" value="Dj-ПК"/>
                <label name="thread" value="6240@Dj-ПК.main(1)"/>
            </labels>
        </test-case>
        <test-case start="1443981140513" stop="1443981140514" status="passed">
            <name>testSum[3]</name>
            <steps/>
            <attachments/>
            <labels>
                <label name="host" value="Dj-ПК"/>
                <label name="thread" value="6240@Dj-ПК.main(1)"/>
            </labels>
        </test-case>
        <test-case start="1443981140523" stop="1443981140523" status="passed">
            <name>testSum[4]</name>
            <steps/>
            <attachments/>
            <labels>
                <label name="host" value="Dj-ПК"/>
                <label name="thread" value="6240@Dj-ПК.main(1)"/>
            </labels>
        </test-case>
    </test-cases>
    <labels>
        <label name="framework" value="JUnit"/>
        <label name="language" value="JAVA"/>
    </labels>
</ns2:test-suite>
